<?xml version="1.0" encoding="UTF-8"?>
<!-- Generated by org.testng.reporters.JUnitXMLReporter -->
<testsuite hostname="A2ML29106" ignored="0" name="testngTest" tests="5" failures="1" timestamp="03 Sep 2019 10:14:26 GMT" time="5.358" errors="0">
  <testcase name="" time="2.593" classname="io.sample.tests.GetUserDetails"/>
  <testcase name="getSingleusr_regression" time="0.39" classname="io.sample.tests.GetUserDetails"/>
  <testcase name="" time="0.953" classname="io.sample.tests.CreateUser"/>
  <testcase name="" time="0.561" classname="io.sample.tests.DeleteUserDetails">
    <failure type="org.json.simple.parser.ParseException">
      <![CDATA[Unexpected token END OF FILE at position 0.
at org.json.simple.parser.JSONParser.parse(Unknown Source)
at org.json.simple.parser.JSONParser.parse(Unknown Source)
at org.json.simple.parser.JSONParser.parse(Unknown Source)
at io.sample.tests.DeleteUserDetails.GetUserDetails(DeleteUserDetails.java:93)
... Removed 25 stack frames]]>
    </failure>
  </testcase> <!--  -->
  <testcase name="" time="0.724" classname="io.sample.tests.UpdateUserDetails"/>
</testsuite> <!-- testngTest -->
